<?xml version="1.0" encoding="UTF-8"?>
<!-- Generated by org.testng.reporters.JUnitReportReporter -->
<testsuite hostname="DESKTOP-O9OR2BF" failures="0" tests="1" name="advTask.TestScenario" time="32.768" errors="0" timestamp="2022-07-31T11:45:32 IST" skipped="0">
  <testcase classname="advTask.TestScenario" name="TestScenario1" time="32.768"/>
  <system-out/>
</testsuite> <!-- advTask.TestScenario -->
